ARM GAS  C:\DOCUME~1\ADMINI~1\LOCALS~1\Temp\cc8JGEIV.s 			page 1


   1              		.file	"udpsocket.c"
   2              		.text
   3              		.align	2
   4              		.global	udpsocket
   5              		.type	udpsocket, %function
   6              	udpsocket:
   7              		@ Function supports interworking.
   8              		@ args = 0, pretend = 0, frame = 4
   9              		@ frame_needed = 0, uses_anonymous_args = 0
  10 0000 31402DE9 		stmfd	sp!, {r0, r4, r5, lr}
  11 0004 2C019FE5 		ldr	r0, .L15
  12 0008 FEFFFFEB 		bl	inet_addr
  13 000c 28519FE5 		ldr	r5, .L15+4
  14 0010 28319FE5 		ldr	r3, .L15+8
  15 0014 28019FE5 		ldr	r0, .L15+12
  16 0018 005083E5 		str	r5, [r3, #0]
  17 001c FEFFFFEB 		bl	puts
  18 0020 A100A0E3 		mov	r0, #161
  19 0024 FEFFFFEB 		bl	NutUdpCreateSocket
  20 0028 18419FE5 		ldr	r4, .L15+16
  21 002c 04208DE2 		add	r2, sp, #4
  22 0030 2E3DA0E3 		mov	r3, #2944	@ movhi
  23 0034 B23062E1 		strh	r3, [r2, #-2]!	@ movhi
  24 0038 0C119FE5 		ldr	r1, .L15+20
  25 003c 0230A0E3 		mov	r3, #2
  26 0040 000084E5 		str	r0, [r4, #0]
  27 0044 FEFFFFEB 		bl	NutUdpSetSockOpt
  28 0048 00019FE5 		ldr	r0, .L15+24
  29 004c FEFFFFEB 		bl	puts
  30 0050 FEFFFFEB 		bl	MibRegisterSysVars
  31 0054 000050E3 		cmp	r0, #0
  32 0058 0400000A 		beq	.L2
  33 005c F0009FE5 		ldr	r0, .L15+28
  34 0060 FEFFFFEB 		bl	puts
  35              	.L3:
  36 0064 FA0FA0E3 		mov	r0, #1000
  37 0068 FEFFFFEB 		bl	NutSleep
  38 006c FCFFFFEA 		b	.L3
  39              	.L2:
  40 0070 FEFFFFEB 		bl	MibRegisterIfVars
  41 0074 000050E3 		cmp	r0, #0
  42 0078 0400000A 		beq	.L4
  43 007c D4009FE5 		ldr	r0, .L15+32
  44 0080 FEFFFFEB 		bl	puts
  45              	.L5:
  46 0084 FA0FA0E3 		mov	r0, #1000
  47 0088 FEFFFFEB 		bl	NutSleep
  48 008c FCFFFFEA 		b	.L5
  49              	.L4:
  50 0090 FEFFFFEB 		bl	MibRegisterOwnVars
  51 0094 000050E3 		cmp	r0, #0
  52 0098 0400000A 		beq	.L6
  53 009c B8009FE5 		ldr	r0, .L15+36
  54 00a0 FEFFFFEB 		bl	puts
  55              	.L7:
  56 00a4 FA0FA0E3 		mov	r0, #1000
  57 00a8 FEFFFFEB 		bl	NutSleep
ARM GAS  C:\DOCUME~1\ADMINI~1\LOCALS~1\Temp\cc8JGEIV.s 			page 2


  58 00ac FCFFFFEA 		b	.L7
  59              	.L6:
  60 00b0 7D1F85E2 		add	r1, r5, #500
  61 00b4 0130A0E3 		mov	r3, #1
  62 00b8 A0009FE5 		ldr	r0, .L15+40
  63 00bc 1420A0E3 		mov	r2, #20
  64 00c0 FEFFFFEB 		bl	SnmpViewCreate
  65 00c4 98309FE5 		ldr	r3, .L15+44
  66 00c8 000050E3 		cmp	r0, #0
  67 00cc 0010A0E1 		mov	r1, r0
  68 00d0 000083E5 		str	r0, [r3, #0]
  69 00d4 040000CA 		bgt	.L8
  70 00d8 88009FE5 		ldr	r0, .L15+48
  71 00dc FEFFFFEB 		bl	puts
  72              	.L9:
  73 00e0 FA0FA0E3 		mov	r0, #1000
  74 00e4 FEFFFFEB 		bl	NutSleep
  75 00e8 FCFFFFEA 		b	.L9
  76              	.L8:
  77 00ec 78009FE5 		ldr	r0, .L15+52
  78 00f0 0120A0E1 		mov	r2, r1
  79 00f4 FEFFFFEB 		bl	SnmpCommunityCreate
  80 00f8 000050E3 		cmp	r0, #0
  81 00fc 0400000A 		beq	.L10
  82 0100 68009FE5 		ldr	r0, .L15+56
  83 0104 FEFFFFEB 		bl	puts
  84              	.L11:
  85 0108 FA0FA0E3 		mov	r0, #1000
  86 010c FEFFFFEB 		bl	NutSleep
  87 0110 FCFFFFEA 		b	.L11
  88              	.L10:
  89 0114 000094E5 		ldr	r0, [r4, #0]
  90 0118 FEFFFFEB 		bl	SnmpAgent
  91 011c 000094E5 		ldr	r0, [r4, #0]
  92 0120 FEFFFFEB 		bl	NutUdpDestroySocket
  93              	.L12:
  94 0124 6400A0E3 		mov	r0, #100
  95 0128 FEFFFFEB 		bl	NutSleep
  96 012c 40009FE5 		ldr	r0, .L15+60
  97 0130 FEFFFFEB 		bl	printf
  98 0134 FAFFFFEA 		b	.L12
  99              	.L16:
 100              		.align	2
 101              	.L15:
 102 0138 00000000 		.word	.LC0
 103 013c 00000000 		.word	.LANCHOR0
 104 0140 00000000 		.word	buff
 105 0144 0F000000 		.word	.LC1
 106 0148 00000000 		.word	udpsock
 107 014c 02100000 		.word	4098
 108 0150 1E000000 		.word	.LC2
 109 0154 2D000000 		.word	.LC3
 110 0158 47000000 		.word	.LC4
 111 015c 60000000 		.word	.LC5
 112 0160 7A000000 		.word	.LC6
 113 0164 00000000 		.word	view_idx
 114 0168 7E000000 		.word	.LC7
ARM GAS  C:\DOCUME~1\ADMINI~1\LOCALS~1\Temp\cc8JGEIV.s 			page 3


 115 016c 94000000 		.word	.LC8
 116 0170 9C000000 		.word	.LC9
 117 0174 B9000000 		.word	.LC10
 118              		.size	udpsocket, .-udpsocket
 119              		.global	view_all
 120              		.global	buffer
 121              		.comm	udpsock,4,4
 122              		.comm	view_idx,4,4
 123              		.comm	buff,4,4
 124              		.section	.rodata.str1.1,"aMS",%progbits,1
 125              	.LC0:
 126 0000 3136392E 		.ascii	"169.254.16.243\000"
 126      3235342E 
 126      31362E32 
 126      343300
 127              	.LC1:
 128 000f 54617373 		.ascii	"Tassa ollaan 1\000"
 128      61206F6C 
 128      6C61616E 
 128      203100
 129              	.LC2:
 130 001e 54617373 		.ascii	"Tassa ollaan 2\000"
 130      61206F6C 
 130      6C61616E 
 130      203200
 131              	.LC3:
 132 002d 4661696C 		.ascii	"Failed to register MibSys\000"
 132      65642074 
 132      6F207265 
 132      67697374 
 132      6572204D 
 133              	.LC4:
 134 0047 4661696C 		.ascii	"Failed to register MibIf\000"
 134      65642074 
 134      6F207265 
 134      67697374 
 134      6572204D 
 135              	.LC5:
 136 0060 4661696C 		.ascii	"Failed to register MibOwn\000"
 136      65642074 
 136      6F207265 
 136      67697374 
 136      6572204D 
 137              	.LC6:
 138 007a 616C6C00 		.ascii	"all\000"
 139              	.LC7:
 140 007e 4661696C 		.ascii	"Failed to create view\000"
 140      65642074 
 140      6F206372 
 140      65617465 
 140      20766965 
 141              	.LC8:
 142 0094 534F5032 		.ascii	"SOP2010\000"
 142      30313000 
 143              	.LC9:
 144 009c 4661696C 		.ascii	"Failed to create communities\000"
 144      65642074 
ARM GAS  C:\DOCUME~1\ADMINI~1\LOCALS~1\Temp\cc8JGEIV.s 			page 4


 144      6F206372 
 144      65617465 
 144      20636F6D 
 145              	.LC10:
 146 00b9 48656C6C 		.ascii	"Hello \000"
 146      6F2000
 147              		.data
 148              		.align	2
 149              		.set	.LANCHOR0,. + 0
 150              		.type	buffer, %object
 151              		.size	buffer, 500
 152              	buffer:
 153 0000 00       		.ascii	"\000"
 154 0001 00000000 		.space	499
 154      00000000 
 154      00000000 
 154      00000000 
 154      00000000 
 155              		.type	view_all, %object
 156              		.size	view_all, 20
 157              	view_all:
 158 01f4 01000000 		.word	1
 159 01f8 03000000 		.word	3
 160 01fc 06000000 		.word	6
 161 0200 01000000 		.word	1
 162 0204 03000000 		.word	3
 163              		.ident	"GCC: (GNU) 4.4.2"
ARM GAS  C:\DOCUME~1\ADMINI~1\LOCALS~1\Temp\cc8JGEIV.s 			page 5


DEFINED SYMBOLS
                            *ABS*:00000000 udpsocket.c
C:\DOCUME~1\ADMINI~1\LOCALS~1\Temp\cc8JGEIV.s:3      .text:00000000 $a
C:\DOCUME~1\ADMINI~1\LOCALS~1\Temp\cc8JGEIV.s:6      .text:00000000 udpsocket
C:\DOCUME~1\ADMINI~1\LOCALS~1\Temp\cc8JGEIV.s:102    .text:00000138 $d
                            *COM*:00000004 buff
                            *COM*:00000004 udpsock
                            *COM*:00000004 view_idx
C:\DOCUME~1\ADMINI~1\LOCALS~1\Temp\cc8JGEIV.s:157    .data:000001f4 view_all
C:\DOCUME~1\ADMINI~1\LOCALS~1\Temp\cc8JGEIV.s:152    .data:00000000 buffer
C:\DOCUME~1\ADMINI~1\LOCALS~1\Temp\cc8JGEIV.s:148    .data:00000000 $d

UNDEFINED SYMBOLS
inet_addr
puts
NutUdpCreateSocket
NutUdpSetSockOpt
MibRegisterSysVars
NutSleep
MibRegisterIfVars
MibRegisterOwnVars
SnmpViewCreate
SnmpCommunityCreate
SnmpAgent
NutUdpDestroySocket
printf
